<?xml version="1.0" encoding="UTF-8"?>
<testsuite name="goteam.backend.BackendApplicationTests" tests="1" skipped="0" failures="0" errors="0" timestamp="2021-05-20T01:48:20" hostname="Fireballs-MacBook-Pro.local" time="0.074">
  <properties/>
  <testcase name="contextLoads()" classname="goteam.backend.BackendApplicationTests" time="0.074"/>
  <system-out><![CDATA[18:48:17.208 [Test worker] DEBUG org.springframework.test.context.BootstrapUtils - Instantiating CacheAwareContextLoaderDelegate from class [org.springframework.test.context.cache.DefaultCacheAwareContextLoaderDelegate]
18:48:17.219 [Test worker] DEBUG org.springframework.test.context.BootstrapUtils - Instantiating BootstrapContext using constructor [public org.springframework.test.context.support.DefaultBootstrapContext(java.lang.Class,org.springframework.test.context.CacheAwareContextLoaderDelegate)]
18:48:17.248 [Test worker] DEBUG org.springframework.test.context.BootstrapUtils - Instantiating TestContextBootstrapper for test class [goteam.backend.BackendApplicationTests] from class [org.springframework.boot.test.context.SpringBootTestContextBootstrapper]
18:48:17.257 [Test worker] INFO org.springframework.boot.test.context.SpringBootTestContextBootstrapper - Neither @ContextConfiguration nor @ContextHierarchy found for test class [goteam.backend.BackendApplicationTests], using SpringBootContextLoader
18:48:17.260 [Test worker] DEBUG org.springframework.test.context.support.AbstractContextLoader - Did not detect default resource location for test class [goteam.backend.BackendApplicationTests]: class path resource [goteam/backend/BackendApplicationTests-context.xml] does not exist
18:48:17.260 [Test worker] DEBUG org.springframework.test.context.support.AbstractContextLoader - Did not detect default resource location for test class [goteam.backend.BackendApplicationTests]: class path resource [goteam/backend/BackendApplicationTestsContext.groovy] does not exist
18:48:17.261 [Test worker] INFO org.springframework.test.context.support.AbstractContextLoader - Could not detect default resource locations for test class [goteam.backend.BackendApplicationTests]: no resource found for suffixes {-context.xml, Context.groovy}.
18:48:17.261 [Test worker] INFO org.springframework.test.context.support.AnnotationConfigContextLoaderUtils - Could not detect default configuration classes for test class [goteam.backend.BackendApplicationTests]: BackendApplicationTests does not declare any static, non-private, non-final, nested classes annotated with @Configuration.
18:48:17.306 [Test worker] DEBUG org.springframework.test.context.support.ActiveProfilesUtils - Could not find an 'annotation declaring class' for annotation type [org.springframework.test.context.ActiveProfiles] and class [goteam.backend.BackendApplicationTests]
18:48:17.359 [Test worker] DEBUG org.springframework.context.annotation.ClassPathScanningCandidateComponentProvider - Identified candidate component class: file [/Users/fireball/Downloads/backend/build/classes/java/main/goteam/backend/BackendApplication.class]
18:48:17.365 [Test worker] INFO org.springframework.boot.test.context.SpringBootTestContextBootstrapper - Found @SpringBootConfiguration goteam.backend.BackendApplication for test class goteam.backend.BackendApplicationTests
18:48:17.436 [Test worker] DEBUG org.springframework.boot.test.context.SpringBootTestContextBootstrapper - @TestExecutionListeners is not present for class [goteam.backend.BackendApplicationTests]: using defaults.
18:48:17.437 [Test worker] INFO org.springframework.boot.test.context.SpringBootTestContextBootstrapper - Loaded default TestExecutionListener class names from location [META-INF/spring.factories]: [org.springframework.boot.test.autoconfigure.restdocs.RestDocsTestExecutionListener, org.springframework.boot.test.autoconfigure.web.client.MockRestServiceServerResetTestExecutionListener, org.springframework.boot.test.autoconfigure.web.servlet.MockMvcPrintOnlyOnFailureTestExecutionListener, org.springframework.boot.test.autoconfigure.web.servlet.WebDriverTestExecutionListener, org.springframework.boot.test.autoconfigure.webservices.client.MockWebServiceServerTestExecutionListener, org.springframework.boot.test.mock.mockito.MockitoTestExecutionListener, org.springframework.boot.test.mock.mockito.ResetMocksTestExecutionListener, org.springframework.test.context.web.ServletTestExecutionListener, org.springframework.test.context.support.DirtiesContextBeforeModesTestExecutionListener, org.springframework.test.context.event.ApplicationEventsTestExecutionListener, org.springframework.test.context.support.DependencyInjectionTestExecutionListener, org.springframework.test.context.support.DirtiesContextTestExecutionListener, org.springframework.test.context.transaction.TransactionalTestExecutionListener, org.springframework.test.context.jdbc.SqlScriptsTestExecutionListener, org.springframework.test.context.event.EventPublishingTestExecutionListener]
18:48:17.452 [Test worker] INFO org.springframework.boot.test.context.SpringBootTestContextBootstrapper - Using TestExecutionListeners: [org.springframework.test.context.web.ServletTestExecutionListener@12ada7e9, org.springframework.test.context.support.DirtiesContextBeforeModesTestExecutionListener@6a62fcb1, org.springframework.test.context.event.ApplicationEventsTestExecutionListener@19cbf42f, org.springframework.boot.test.mock.mockito.MockitoTestExecutionListener@28733ebd, org.springframework.boot.test.autoconfigure.SpringBootDependencyInjectionTestExecutionListener@579e56b5, org.springframework.test.context.support.DirtiesContextTestExecutionListener@2ae4bf83, org.springframework.test.context.transaction.TransactionalTestExecutionListener@6cc85c7c, org.springframework.test.context.jdbc.SqlScriptsTestExecutionListener@5d7f018e, org.springframework.test.context.event.EventPublishingTestExecutionListener@7871df6a, org.springframework.boot.test.autoconfigure.restdocs.RestDocsTestExecutionListener@77666f40, org.springframework.boot.test.autoconfigure.web.client.MockRestServiceServerResetTestExecutionListener@5963f66c, org.springframework.boot.test.autoconfigure.web.servlet.MockMvcPrintOnlyOnFailureTestExecutionListener@7cb5ffbf, org.springframework.boot.test.autoconfigure.web.servlet.WebDriverTestExecutionListener@ac9e5cc, org.springframework.boot.test.autoconfigure.webservices.client.MockWebServiceServerTestExecutionListener@4e9197ba, org.springframework.boot.test.mock.mockito.ResetMocksTestExecutionListener@807d892]
18:48:17.454 [Test worker] DEBUG org.springframework.test.context.support.AbstractDirtiesContextTestExecutionListener - Before test class: context [DefaultTestContext@6aef18ad testClass = BackendApplicationTests, testInstance = [null], testMethod = [null], testException = [null], mergedContextConfiguration = [WebMergedContextConfiguration@106269ae testClass = BackendApplicationTests, locations = '{}', classes = '{class goteam.backend.BackendApplication}', contextInitializerClasses = '[]', activeProfiles = '{}', propertySourceLocations = '{}', propertySourceProperties = '{org.springframework.boot.test.context.SpringBootTestContextBootstrapper=true}', contextCustomizers = set[org.springframework.boot.test.autoconfigure.actuate.metrics.MetricsExportContextCustomizerFactory$DisableMetricExportContextCustomizer@295c14d5, org.springframework.boot.test.autoconfigure.properties.PropertyMappingContextCustomizer@0, org.springframework.boot.test.autoconfigure.web.servlet.WebDriverContextCustomizerFactory$Customizer@25275934, org.springframework.boot.test.context.filter.ExcludeFilterContextCustomizer@455841c0, org.springframework.boot.test.json.DuplicateJsonObjectContextCustomizerFactory$DuplicateJsonObjectContextCustomizer@4f172747, org.springframework.boot.test.mock.mockito.MockitoContextCustomizer@0, org.springframework.boot.test.web.client.TestRestTemplateContextCustomizer@38191a6d, org.springframework.boot.test.context.SpringBootTestArgs@1, org.springframework.boot.test.context.SpringBootTestWebEnvironment@3d75a4d9], resourceBasePath = 'src/main/webapp', contextLoader = 'org.springframework.boot.test.context.SpringBootContextLoader', parent = [null]], attributes = map['org.springframework.test.context.web.ServletTestExecutionListener.activateListener' -> true]], class annotated with @DirtiesContext [false] with mode [null].
18:48:17.479 [Test worker] DEBUG org.springframework.test.context.support.TestPropertySourceUtils - Adding inlined properties to environment: {spring.jmx.enabled=false, org.springframework.boot.test.context.SpringBootTestContextBootstrapper=true}

  .   ____          _            __ _ _
 /\\ / ___'_ __ _ _(_)_ __  __ _ \ \ \ \
( ( )\___ | '_ | '_| | '_ \/ _` | \ \ \ \
 \\/  ___)| |_)| | | | | || (_| |  ) ) ) )
  '  |____| .__|_| |_|_| |_\__, | / / / /
 =========|_|==============|___/=/_/_/_/
 :: Spring Boot ::                (v2.4.5)

2021-05-19 18:48:17.686  INFO 14550 --- [    Test worker] goteam.backend.BackendApplicationTests   : Starting BackendApplicationTests using Java 11.0.10 on Fireballs-MacBook-Pro.local with PID 14550 (started by fireball in /Users/fireball/Downloads/backend)
2021-05-19 18:48:17.688  INFO 14550 --- [    Test worker] goteam.backend.BackendApplicationTests   : No active profile set, falling back to default profiles: default
2021-05-19 18:48:18.187  INFO 14550 --- [    Test worker] .s.d.r.c.RepositoryConfigurationDelegate : Bootstrapping Spring Data JPA repositories in DEFAULT mode.
2021-05-19 18:48:18.233  INFO 14550 --- [    Test worker] .s.d.r.c.RepositoryConfigurationDelegate : Finished Spring Data repository scanning in 40 ms. Found 6 JPA repository interfaces.
2021-05-19 18:48:18.633  INFO 14550 --- [    Test worker] o.hibernate.jpa.internal.util.LogHelper  : HHH000204: Processing PersistenceUnitInfo [name: default]
2021-05-19 18:48:18.673  INFO 14550 --- [    Test worker] org.hibernate.Version                    : HHH000412: Hibernate ORM core version 5.4.30.Final
2021-05-19 18:48:18.783  INFO 14550 --- [    Test worker] o.hibernate.annotations.common.Version   : HCANN000001: Hibernate Commons Annotations {5.1.2.Final}
2021-05-19 18:48:18.864  INFO 14550 --- [    Test worker] com.zaxxer.hikari.HikariDataSource       : HikariPool-1 - Starting...
2021-05-19 18:48:19.210  INFO 14550 --- [    Test worker] com.zaxxer.hikari.HikariDataSource       : HikariPool-1 - Start completed.
2021-05-19 18:48:19.234  INFO 14550 --- [    Test worker] org.hibernate.dialect.Dialect            : HHH000400: Using dialect: org.hibernate.dialect.MySQL8Dialect
2021-05-19 18:48:19.942  INFO 14550 --- [    Test worker] o.h.e.t.j.p.i.JtaPlatformInitiator       : HHH000490: Using JtaPlatform implementation: [org.hibernate.engine.transaction.jta.platform.internal.NoJtaPlatform]
2021-05-19 18:48:19.949  INFO 14550 --- [    Test worker] j.LocalContainerEntityManagerFactoryBean : Initialized JPA EntityManagerFactory for persistence unit 'default'
2021-05-19 18:48:20.377  WARN 14550 --- [    Test worker] JpaBaseConfiguration$JpaWebConfiguration : spring.jpa.open-in-view is enabled by default. Therefore, database queries may be performed during view rendering. Explicitly configure spring.jpa.open-in-view to disable this warning
2021-05-19 18:48:20.539  INFO 14550 --- [    Test worker] o.s.s.concurrent.ThreadPoolTaskExecutor  : Initializing ExecutorService 'applicationTaskExecutor'
2021-05-19 18:48:20.854  INFO 14550 --- [    Test worker] goteam.backend.BackendApplicationTests   : Started BackendApplicationTests in 3.368 seconds (JVM running for 4.374)
]]></system-out>
  <system-err><![CDATA[]]></system-err>
</testsuite>
