<?xml version="1.0" encoding="UTF-8"?>
<testsuite name="goteam.backend.BackendApplicationTests" tests="1" skipped="0" failures="0" errors="0" timestamp="2021-05-20T05:10:14" hostname="Daniels-MacBook-Pro.local" time="0.124">
  <properties/>
  <testcase name="contextLoads()" classname="goteam.backend.BackendApplicationTests" time="0.124"/>
  <system-out><![CDATA[22:10:08.116 [Test worker] DEBUG org.springframework.test.context.BootstrapUtils - Instantiating CacheAwareContextLoaderDelegate from class [org.springframework.test.context.cache.DefaultCacheAwareContextLoaderDelegate]
22:10:08.135 [Test worker] DEBUG org.springframework.test.context.BootstrapUtils - Instantiating BootstrapContext using constructor [public org.springframework.test.context.support.DefaultBootstrapContext(java.lang.Class,org.springframework.test.context.CacheAwareContextLoaderDelegate)]
22:10:08.179 [Test worker] DEBUG org.springframework.test.context.BootstrapUtils - Instantiating TestContextBootstrapper for test class [goteam.backend.BackendApplicationTests] from class [org.springframework.boot.test.context.SpringBootTestContextBootstrapper]
22:10:08.192 [Test worker] INFO org.springframework.boot.test.context.SpringBootTestContextBootstrapper - Neither @ContextConfiguration nor @ContextHierarchy found for test class [goteam.backend.BackendApplicationTests], using SpringBootContextLoader
22:10:08.197 [Test worker] DEBUG org.springframework.test.context.support.AbstractContextLoader - Did not detect default resource location for test class [goteam.backend.BackendApplicationTests]: class path resource [goteam/backend/BackendApplicationTests-context.xml] does not exist
22:10:08.198 [Test worker] DEBUG org.springframework.test.context.support.AbstractContextLoader - Did not detect default resource location for test class [goteam.backend.BackendApplicationTests]: class path resource [goteam/backend/BackendApplicationTestsContext.groovy] does not exist
22:10:08.199 [Test worker] INFO org.springframework.test.context.support.AbstractContextLoader - Could not detect default resource locations for test class [goteam.backend.BackendApplicationTests]: no resource found for suffixes {-context.xml, Context.groovy}.
22:10:08.200 [Test worker] INFO org.springframework.test.context.support.AnnotationConfigContextLoaderUtils - Could not detect default configuration classes for test class [goteam.backend.BackendApplicationTests]: BackendApplicationTests does not declare any static, non-private, non-final, nested classes annotated with @Configuration.
22:10:08.252 [Test worker] DEBUG org.springframework.test.context.support.ActiveProfilesUtils - Could not find an 'annotation declaring class' for annotation type [org.springframework.test.context.ActiveProfiles] and class [goteam.backend.BackendApplicationTests]
22:10:08.327 [Test worker] DEBUG org.springframework.context.annotation.ClassPathScanningCandidateComponentProvider - Identified candidate component class: file [/Users/danielsaneel/Desktop/Cmpe-172-DevEnv/final-git/sp21-172-go-team/final-backend/build/classes/java/main/goteam/backend/BackendApplication.class]
22:10:08.339 [Test worker] INFO org.springframework.boot.test.context.SpringBootTestContextBootstrapper - Found @SpringBootConfiguration goteam.backend.BackendApplication for test class goteam.backend.BackendApplicationTests
22:10:08.433 [Test worker] DEBUG org.springframework.boot.test.context.SpringBootTestContextBootstrapper - @TestExecutionListeners is not present for class [goteam.backend.BackendApplicationTests]: using defaults.
22:10:08.435 [Test worker] INFO org.springframework.boot.test.context.SpringBootTestContextBootstrapper - Loaded default TestExecutionListener class names from location [META-INF/spring.factories]: [org.springframework.boot.test.autoconfigure.restdocs.RestDocsTestExecutionListener, org.springframework.boot.test.autoconfigure.web.client.MockRestServiceServerResetTestExecutionListener, org.springframework.boot.test.autoconfigure.web.servlet.MockMvcPrintOnlyOnFailureTestExecutionListener, org.springframework.boot.test.autoconfigure.web.servlet.WebDriverTestExecutionListener, org.springframework.boot.test.autoconfigure.webservices.client.MockWebServiceServerTestExecutionListener, org.springframework.boot.test.mock.mockito.MockitoTestExecutionListener, org.springframework.boot.test.mock.mockito.ResetMocksTestExecutionListener, org.springframework.test.context.web.ServletTestExecutionListener, org.springframework.test.context.support.DirtiesContextBeforeModesTestExecutionListener, org.springframework.test.context.event.ApplicationEventsTestExecutionListener, org.springframework.test.context.support.DependencyInjectionTestExecutionListener, org.springframework.test.context.support.DirtiesContextTestExecutionListener, org.springframework.test.context.transaction.TransactionalTestExecutionListener, org.springframework.test.context.jdbc.SqlScriptsTestExecutionListener, org.springframework.test.context.event.EventPublishingTestExecutionListener]
22:10:08.459 [Test worker] INFO org.springframework.boot.test.context.SpringBootTestContextBootstrapper - Using TestExecutionListeners: [org.springframework.test.context.web.ServletTestExecutionListener@570e4150, org.springframework.test.context.support.DirtiesContextBeforeModesTestExecutionListener@9634ca6, org.springframework.test.context.event.ApplicationEventsTestExecutionListener@50a05767, org.springframework.boot.test.mock.mockito.MockitoTestExecutionListener@195d2242, org.springframework.boot.test.autoconfigure.SpringBootDependencyInjectionTestExecutionListener@7929aaf8, org.springframework.test.context.support.DirtiesContextTestExecutionListener@35fffe9b, org.springframework.test.context.transaction.TransactionalTestExecutionListener@92102668, org.springframework.test.context.jdbc.SqlScriptsTestExecutionListener@1c851acb, org.springframework.test.context.event.EventPublishingTestExecutionListener@5a451ae8, org.springframework.boot.test.autoconfigure.restdocs.RestDocsTestExecutionListener@4cff4a65, org.springframework.boot.test.autoconfigure.web.client.MockRestServiceServerResetTestExecutionListener@b77113ee, org.springframework.boot.test.autoconfigure.web.servlet.MockMvcPrintOnlyOnFailureTestExecutionListener@4b32ae8c, org.springframework.boot.test.autoconfigure.web.servlet.WebDriverTestExecutionListener@eac99d4, org.springframework.boot.test.autoconfigure.webservices.client.MockWebServiceServerTestExecutionListener@fd292429, org.springframework.boot.test.mock.mockito.ResetMocksTestExecutionListener@6fd97f4d]
22:10:08.464 [Test worker] DEBUG org.springframework.test.context.support.AbstractDirtiesContextTestExecutionListener - Before test class: context [DefaultTestContext@7585973a testClass = BackendApplicationTests, testInstance = [null], testMethod = [null], testException = [null], mergedContextConfiguration = [WebMergedContextConfiguration@18a45044 testClass = BackendApplicationTests, locations = '{}', classes = '{class goteam.backend.BackendApplication}', contextInitializerClasses = '[]', activeProfiles = '{}', propertySourceLocations = '{}', propertySourceProperties = '{org.springframework.boot.test.context.SpringBootTestContextBootstrapper=true}', contextCustomizers = set[org.springframework.boot.test.autoconfigure.actuate.metrics.MetricsExportContextCustomizerFactory$DisableMetricExportContextCustomizer@99157286, org.springframework.boot.test.autoconfigure.properties.PropertyMappingContextCustomizer@0, org.springframework.boot.test.autoconfigure.web.servlet.WebDriverContextCustomizerFactory$Customizer@92ad4907, org.springframework.boot.test.context.filter.ExcludeFilterContextCustomizer@5e7304c5, org.springframework.boot.test.json.DuplicateJsonObjectContextCustomizerFactory$DuplicateJsonObjectContextCustomizer@2e9529c2, org.springframework.boot.test.mock.mockito.MockitoContextCustomizer@0, org.springframework.boot.test.web.client.TestRestTemplateContextCustomizer@d8e85b0e, org.springframework.boot.test.context.SpringBootTestArgs@1, org.springframework.boot.test.context.SpringBootTestWebEnvironment@f4d8eb54], resourceBasePath = 'src/main/webapp', contextLoader = 'org.springframework.boot.test.context.SpringBootContextLoader', parent = [null]], attributes = map['org.springframework.test.context.web.ServletTestExecutionListener.activateListener' -> true]], class annotated with @DirtiesContext [false] with mode [null].
22:10:08.512 [Test worker] DEBUG org.springframework.test.context.support.TestPropertySourceUtils - Adding inlined properties to environment: {spring.jmx.enabled=false, org.springframework.boot.test.context.SpringBootTestContextBootstrapper=true}

  .   ____          _            __ _ _
 /\\ / ___'_ __ _ _(_)_ __  __ _ \ \ \ \
( ( )\___ | '_ | '_| | '_ \/ _` | \ \ \ \
 \\/  ___)| |_)| | | | | || (_| |  ) ) ) )
  '  |____| .__|_| |_|_| |_\__, | / / / /
 =========|_|==============|___/=/_/_/_/
 :: Spring Boot ::                (v2.4.5)

2021-05-19 22:10:08.964  INFO 13331 --- [    Test worker] goteam.backend.BackendApplicationTests   : Starting BackendApplicationTests using Java 11.0.10 on Daniels-MacBook-Pro.local with PID 13331 (started by danielsaneel in /Users/danielsaneel/Desktop/Cmpe-172-DevEnv/final-git/sp21-172-go-team/final-backend)
2021-05-19 22:10:08.967  INFO 13331 --- [    Test worker] goteam.backend.BackendApplicationTests   : No active profile set, falling back to default profiles: default
2021-05-19 22:10:09.791  INFO 13331 --- [    Test worker] .s.d.r.c.RepositoryConfigurationDelegate : Bootstrapping Spring Data JPA repositories in DEFAULT mode.
2021-05-19 22:10:09.854  INFO 13331 --- [    Test worker] .s.d.r.c.RepositoryConfigurationDelegate : Finished Spring Data repository scanning in 57 ms. Found 6 JPA repository interfaces.
2021-05-19 22:10:10.676  INFO 13331 --- [    Test worker] o.hibernate.jpa.internal.util.LogHelper  : HHH000204: Processing PersistenceUnitInfo [name: default]
2021-05-19 22:10:10.734  INFO 13331 --- [    Test worker] org.hibernate.Version                    : HHH000412: Hibernate ORM core version 5.4.30.Final
2021-05-19 22:10:10.907  INFO 13331 --- [    Test worker] o.hibernate.annotations.common.Version   : HCANN000001: Hibernate Commons Annotations {5.1.2.Final}
2021-05-19 22:10:11.150  INFO 13331 --- [    Test worker] com.zaxxer.hikari.HikariDataSource       : HikariPool-1 - Starting...
2021-05-19 22:10:11.824  INFO 13331 --- [    Test worker] com.zaxxer.hikari.HikariDataSource       : HikariPool-1 - Start completed.
2021-05-19 22:10:11.850  INFO 13331 --- [    Test worker] org.hibernate.dialect.Dialect            : HHH000400: Using dialect: org.hibernate.dialect.MySQL8Dialect
2021-05-19 22:10:12.817  INFO 13331 --- [    Test worker] o.h.e.t.j.p.i.JtaPlatformInitiator       : HHH000490: Using JtaPlatform implementation: [org.hibernate.engine.transaction.jta.platform.internal.NoJtaPlatform]
2021-05-19 22:10:12.825  INFO 13331 --- [    Test worker] j.LocalContainerEntityManagerFactoryBean : Initialized JPA EntityManagerFactory for persistence unit 'default'
2021-05-19 22:10:13.484  WARN 13331 --- [    Test worker] JpaBaseConfiguration$JpaWebConfiguration : spring.jpa.open-in-view is enabled by default. Therefore, database queries may be performed during view rendering. Explicitly configure spring.jpa.open-in-view to disable this warning
2021-05-19 22:10:13.696  INFO 13331 --- [    Test worker] o.s.s.concurrent.ThreadPoolTaskExecutor  : Initializing ExecutorService 'applicationTaskExecutor'
2021-05-19 22:10:13.904  WARN 13331 --- [    Test worker] ion$DefaultTemplateResolverConfiguration : Cannot find template location: classpath:/templates/ (please add some templates or check your Thymeleaf configuration)
2021-05-19 22:10:14.089  INFO 13331 --- [    Test worker] goteam.backend.BackendApplicationTests   : Started BackendApplicationTests in 5.568 seconds (JVM running for 7.196)
]]></system-out>
  <system-err><![CDATA[]]></system-err>
</testsuite>
